<?xml version="1.0" encoding="utf-8"?><testsuites name="pytest tests"><testsuite name="pytest" errors="0" failures="0" skipped="0" tests="30" time="31.019" timestamp="2026-08-08T08:03:00.761938+00:00" hostname="agent-env-863cc0c7-74e0-4d42-aa05-bd18b54b8be9"><testcase classname="tests.test_backend.TestReHairEndToEnd" name="test_01_root" time="0.245" /><testcase classname="tests.test_new_features.TestNewFeatures" name="test_01_scan_creates_today_session_and_analyzes" time="8.565" /><testcase classname="tests.test_backend.TestReHairEndToEnd" name="test_02_me_unauthenticated" time="0.314" /><testcase classname="tests.test_backend.TestReHairEndToEnd" name="test_03_me_bearer" time="0.095" /><testcase classname="tests.test_backend.TestReHairEndToEnd" name="test_04_me_cookie" time="0.093" /><testcase classname="tests.test_backend.TestReHairEndToEnd" name="test_05_invalid_token" time="0.095" /><testcase classname="tests.test_backend.TestReHairEndToEnd" name="test_06_upsert_profile" time="0.042" /><testcase classname="tests.test_backend.TestReHairEndToEnd" name="test_07_get_profile" time="0.041" /><testcase classname="tests.test_backend.TestReHairEndToEnd" name="test_08_create_session" time="0.044" /><testcase classname="tests.test_backend.TestReHairEndToEnd" name="test_09_second_session_increments" time="0.043" /><testcase classname="tests.test_backend.TestReHairEndToEnd" name="test_10_list_sessions" time="0.080" /><testcase classname="tests.test_backend.TestReHairEndToEnd" name="test_11_upload_bad_view" time="0.461" /><testcase classname="tests.test_backend.TestReHairEndToEnd" name="test_12_upload_bad_extension" time="0.043" /><testcase classname="tests.test_backend.TestReHairEndToEnd" name="test_13_upload_real_image" time="2.222" /><testcase classname="tests.test_backend.TestReHairEndToEnd" name="test_14_analyze_session" time="6.246" /><testcase classname="tests.test_new_features.TestNewFeatures" name="test_02_same_day_scan_reuses_session" time="4.893" /><testcase classname="tests.test_backend.TestReHairEndToEnd" name="test_15_timeline" time="0.042" /><testcase classname="tests.test_backend.TestReHairEndToEnd" name="test_16_progress" time="0.083" /><testcase classname="tests.test_backend.TestReHairEndToEnd" name="test_17_download_file" time="0.273" /><testcase classname="tests.test_backend.TestReHairEndToEnd" name="test_18_download_file_unauth" time="0.502" /><testcase classname="tests.test_backend.TestReHairEndToEnd" name="test_19_export" time="0.739" /><testcase classname="tests.test_backend.TestReHairEndToEnd" name="test_20_delete_account" time="0.082" /><testcase classname="tests.test_new_features.TestNewFeatures" name="test_03_region_crown_persists" time="6.109" /><testcase classname="tests.test_new_features.TestNewFeatures" name="test_04_invalid_region_falls_back" time="4.448" /><testcase classname="tests.test_new_features.TestNewFeatures" name="test_05_scan_no_files_rejects" time="0.058" /><testcase classname="tests.test_new_features.TestNewFeatures" name="test_06_profile_reminder_persists" time="0.166" /><testcase classname="tests.test_new_features.TestNewFeatures" name="test_07_progress_dates" time="0.082" /><testcase classname="tests.test_new_features.TestNewFeatures" name="test_08_session_best_image_fields" time="0.043" /><testcase classname="tests.test_new_features.TestNewFeatures" name="test_09_manual_upload_still_works" time="5.452" /><testcase classname="tests.test_new_features.TestNewFeatures" name="test_10_download_best_image" time="0.425" /></testsuite></testsuites>