<?xml version="1.0" encoding="utf-8"?><testsuites name="pytest tests"><testsuite name="pytest" errors="0" failures="0" skipped="0" tests="8" time="47.222" timestamp="2026-08-08T11:29:51.595172+00:00" hostname="agent-env-863cc0c7-74e0-4d42-aa05-bd18b54b8be9"><testcase classname="tests.test_region_scan.TestFullRegionScan" name="test_no_422_repeated_frame_regions" time="15.826" /><testcase classname="tests.test_region_scan.TestFullRegionScan" name="test_analysis_region_and_per_region" time="0.000" /><testcase classname="tests.test_region_scan.TestFullRegionScan" name="test_overall_blend_within_region_range" time="0.000" /><testcase classname="tests.test_region_scan.TestFullRegionScan" name="test_one_best_frame_stored_per_region" time="0.001" /><testcase classname="tests.test_region_scan.TestFullRegionScan" name="test_session_detail_and_timeline_expose_per_region" time="0.105" /><testcase classname="tests.test_region_scan.TestSingleRegionScan" name="test_crown_explicit_regions" time="21.249" /><testcase classname="tests.test_region_scan.TestOmittedFrameRegions" name="test_hairline_without_frame_regions" time="9.775" /><testcase classname="tests.test_region_scan.TestOmittedFrameRegions" name="test_scan_requires_auth" time="0.232" /></testsuite></testsuites>