<?xml version="1.0" encoding="utf-8"?><testsuites name="pytest tests"><testsuite name="pytest" errors="0" failures="0" skipped="0" tests="26" time="2.409" timestamp="2026-08-08T09:20:54.811758+00:00" hostname="agent-env-863cc0c7-74e0-4d42-aa05-bd18b54b8be9"><testcase classname="tests.test_roles_consults.TestAppointments" name="test_00_setup_approved_derm" time="0.483" /><testcase classname="tests.test_roles_consults.TestDermatologistLifecycle" name="test_01_register_creates_pending_and_flips_role" time="0.264" /><testcase classname="tests.test_roles_consults.TestDermatologistLifecycle" name="test_02_derm_me_returns_profile" time="0.043" /><testcase classname="tests.test_roles_consults.TestDermatologistLifecycle" name="test_03_pending_not_in_public_list" time="0.094" /><testcase classname="tests.test_roles_consults.TestDermatologistLifecycle" name="test_04_admin_sees_pending" time="0.132" /><testcase classname="tests.test_roles_consults.TestAppointments" name="test_01_request_appointment" time="0.082" /><testcase classname="tests.test_roles_consults.TestDermatologistLifecycle" name="test_05_approve_then_public_list_without_link" time="0.093" /><testcase classname="tests.test_roles_consults.TestAppointments" name="test_02_appointment_unknown_derm_404" time="0.084" /><testcase classname="tests.test_roles_consults.TestDermatologistLifecycle" name="test_06_approve_unknown_user_404" time="0.044" /><testcase classname="tests.test_roles_consults.TestAppointments" name="test_03_list_as_patient_and_as_derm" time="0.122" /><testcase classname="tests.test_roles_consults.TestDermatologistLifecycle" name="test_07_reject_then_reapprove" time="0.154" /><testcase classname="tests.test_roles_consults.TestAppointments" name="test_04_non_owner_cannot_confirm" time="0.043" /><testcase classname="tests.test_roles_consults.TestAppointments" name="test_05_derm_confirms_reveals_link" time="0.128" /><testcase classname="tests.test_roles_consults.TestAdminUsers" name="test_list_users_super_admin" time="0.044" /><testcase classname="tests.test_roles_consults.TestAdminUsers" name="test_promote_and_demote" time="0.416" /><testcase classname="tests.test_roles_consults.TestAppointments" name="test_06_patient_cancel" time="0.083" /><testcase classname="tests.test_roles_consults.TestAppointments" name="test_07_decline_flow_and_403" time="0.162" /><testcase classname="tests.test_roles_consults.TestAppointments" name="test_08_unknown_appointment_404" time="0.126" /><testcase classname="tests.test_roles_consults.TestAdminUsers" name="test_cannot_change_super_admin" time="0.043" /><testcase classname="tests.test_roles_consults.TestAppointments" name="test_09_appointments_requires_auth" time="0.129" /><testcase classname="tests.test_roles_consults.TestAdminUsers" name="test_invalid_role_400" time="0.042" /><testcase classname="tests.test_roles_consults.TestAdminUsers" name="test_unknown_target_404" time="0.045" /><testcase classname="tests.test_roles_consults.TestRoles" name="test_super_admin_by_email" time="0.048" /><testcase classname="tests.test_roles_consults.TestRoles" name="test_plain_user_role" time="0.050" /><testcase classname="tests.test_roles_consults.TestRoles" name="test_rbac_plain_user_forbidden_admin_endpoints" time="0.124" /><testcase classname="tests.test_roles_consults.TestRoles" name="test_unauthenticated_admin_endpoint_401" time="0.097" /></testsuite></testsuites>