<?xml version="1.0" encoding="utf-8"?><testsuites name="pytest tests"><testsuite name="pytest" errors="0" failures="0" skipped="0" tests="10" time="34.426" timestamp="2026-08-08T08:01:43.651362+00:00" hostname="agent-env-863cc0c7-74e0-4d42-aa05-bd18b54b8be9"><testcase classname="tests.test_new_features.TestNewFeatures" name="test_01_scan_creates_today_session_and_analyzes" time="10.442" /><testcase classname="tests.test_new_features.TestNewFeatures" name="test_02_same_day_scan_reuses_session" time="6.075" /><testcase classname="tests.test_new_features.TestNewFeatures" name="test_03_region_crown_persists" time="6.737" /><testcase classname="tests.test_new_features.TestNewFeatures" name="test_04_invalid_region_falls_back" time="4.224" /><testcase classname="tests.test_new_features.TestNewFeatures" name="test_05_scan_no_files_rejects" time="0.132" /><testcase classname="tests.test_new_features.TestNewFeatures" name="test_06_profile_reminder_persists" time="0.086" /><testcase classname="tests.test_new_features.TestNewFeatures" name="test_07_progress_dates" time="0.082" /><testcase classname="tests.test_new_features.TestNewFeatures" name="test_08_session_best_image_fields" time="0.042" /><testcase classname="tests.test_new_features.TestNewFeatures" name="test_09_manual_upload_still_works" time="5.569" /><testcase classname="tests.test_new_features.TestNewFeatures" name="test_10_download_best_image" time="0.581" /></testsuite></testsuites>