<?xml version="1.0" encoding="utf-8"?><testsuites name="pytest tests"><testsuite name="pytest" errors="0" failures="0" skipped="0" tests="56" time="35.968" timestamp="2026-08-08T09:23:33.234372+00:00" hostname="agent-env-863cc0c7-74e0-4d42-aa05-bd18b54b8be9"><testcase classname="tests.test_backend.TestReHairEndToEnd" name="test_01_root" time="0.192" /><testcase classname="tests.test_new_features.TestNewFeatures" name="test_01_scan_creates_today_session_and_analyzes" time="8.709" /><testcase classname="tests.test_backend.TestReHairEndToEnd" name="test_02_me_unauthenticated" time="0.190" /><testcase classname="tests.test_backend.TestReHairEndToEnd" name="test_03_me_bearer" time="0.135" /><testcase classname="tests.test_backend.TestReHairEndToEnd" name="test_04_me_cookie" time="0.094" /><testcase classname="tests.test_backend.TestReHairEndToEnd" name="test_05_invalid_token" time="0.091" /><testcase classname="tests.test_backend.TestReHairEndToEnd" name="test_06_upsert_profile" time="0.093" /><testcase classname="tests.test_backend.TestReHairEndToEnd" name="test_07_get_profile" time="0.051" /><testcase classname="tests.test_backend.TestReHairEndToEnd" name="test_08_create_session" time="0.046" /><testcase classname="tests.test_backend.TestReHairEndToEnd" name="test_09_second_session_increments" time="0.049" /><testcase classname="tests.test_backend.TestReHairEndToEnd" name="test_10_list_sessions" time="0.052" /><testcase classname="tests.test_backend.TestReHairEndToEnd" name="test_11_upload_bad_view" time="0.475" /><testcase classname="tests.test_backend.TestReHairEndToEnd" name="test_12_upload_bad_extension" time="0.042" /><testcase classname="tests.test_backend.TestReHairEndToEnd" name="test_13_upload_real_image" time="1.597" /><testcase classname="tests.test_backend.TestReHairEndToEnd" name="test_14_analyze_session" time="5.829" /><testcase classname="tests.test_new_features.TestNewFeatures" name="test_02_same_day_scan_reuses_session" time="5.142" /><testcase classname="tests.test_backend.TestReHairEndToEnd" name="test_15_timeline" time="0.045" /><testcase classname="tests.test_backend.TestReHairEndToEnd" name="test_16_progress" time="0.117" /><testcase classname="tests.test_backend.TestReHairEndToEnd" name="test_17_download_file" time="0.348" /><testcase classname="tests.test_backend.TestReHairEndToEnd" name="test_18_download_file_unauth" time="0.121" /><testcase classname="tests.test_backend.TestReHairEndToEnd" name="test_19_export" time="0.047" /><testcase classname="tests.test_backend.TestReHairEndToEnd" name="test_20_delete_account" time="0.095" /><testcase classname="tests.test_roles_consults.TestAppointments" name="test_00_setup_approved_derm" time="0.291" /><testcase classname="tests.test_roles_consults.TestAppointments" name="test_01_request_appointment" time="0.040" /><testcase classname="tests.test_roles_consults.TestAppointments" name="test_02_appointment_unknown_derm_404" time="0.038" /><testcase classname="tests.test_roles_consults.TestAppointments" name="test_03_list_as_patient_and_as_derm" time="0.077" /><testcase classname="tests.test_roles_consults.TestAppointments" name="test_04_non_owner_cannot_confirm" time="0.038" /><testcase classname="tests.test_roles_consults.TestAppointments" name="test_05_derm_confirms_reveals_link" time="0.160" /><testcase classname="tests.test_roles_consults.TestAppointments" name="test_06_patient_cancel" time="0.117" /><testcase classname="tests.test_roles_consults.TestAppointments" name="test_07_decline_flow_and_403" time="0.277" /><testcase classname="tests.test_roles_consults.TestAppointments" name="test_08_unknown_appointment_404" time="0.121" /><testcase classname="tests.test_roles_consults.TestAppointments" name="test_09_appointments_requires_auth" time="0.085" /><testcase classname="tests.test_roles_consults.TestDermatologistLifecycle" name="test_01_register_creates_pending_and_flips_role" time="1.352" /><testcase classname="tests.test_roles_consults.TestDermatologistLifecycle" name="test_02_derm_me_returns_profile" time="0.043" /><testcase classname="tests.test_roles_consults.TestDermatologistLifecycle" name="test_03_pending_not_in_public_list" time="0.081" /><testcase classname="tests.test_roles_consults.TestDermatologistLifecycle" name="test_04_admin_sees_pending" time="0.040" /><testcase classname="tests.test_roles_consults.TestDermatologistLifecycle" name="test_05_approve_then_public_list_without_link" time="0.121" /><testcase classname="tests.test_roles_consults.TestDermatologistLifecycle" name="test_06_approve_unknown_user_404" time="0.082" /><testcase classname="tests.test_roles_consults.TestDermatologistLifecycle" name="test_07_reject_then_reapprove" time="0.160" /><testcase classname="tests.test_roles_consults.TestAdminUsers" name="test_list_users_super_admin" time="0.042" /><testcase classname="tests.test_roles_consults.TestAdminUsers" name="test_promote_and_demote" time="0.316" /><testcase classname="tests.test_roles_consults.TestAdminUsers" name="test_cannot_change_super_admin" time="0.042" /><testcase classname="tests.test_roles_consults.TestAdminUsers" name="test_invalid_role_400" time="0.079" /><testcase classname="tests.test_roles_consults.TestAdminUsers" name="test_unknown_target_404" time="0.051" /><testcase classname="tests.test_roles_consults.TestRoles" name="test_super_admin_by_email" time="0.047" /><testcase classname="tests.test_roles_consults.TestRoles" name="test_plain_user_role" time="0.080" /><testcase classname="tests.test_roles_consults.TestRoles" name="test_rbac_plain_user_forbidden_admin_endpoints" time="0.075" /><testcase classname="tests.test_roles_consults.TestRoles" name="test_unauthenticated_admin_endpoint_401" time="0.102" /><testcase classname="tests.test_new_features.TestNewFeatures" name="test_03_region_crown_persists" time="8.495" /><testcase classname="tests.test_new_features.TestNewFeatures" name="test_04_invalid_region_falls_back" time="3.976" /><testcase classname="tests.test_new_features.TestNewFeatures" name="test_05_scan_no_files_rejects" time="0.056" /><testcase classname="tests.test_new_features.TestNewFeatures" name="test_06_profile_reminder_persists" time="0.125" /><testcase classname="tests.test_new_features.TestNewFeatures" name="test_07_progress_dates" time="0.044" /><testcase classname="tests.test_new_features.TestNewFeatures" name="test_08_session_best_image_fields" time="0.045" /><testcase classname="tests.test_new_features.TestNewFeatures" name="test_09_manual_upload_still_works" time="8.127" /><testcase classname="tests.test_new_features.TestNewFeatures" name="test_10_download_best_image" time="0.429" /></testsuite></testsuites>