<?xml version="1.0" encoding="utf-8"?><testsuites name="pytest tests"><testsuite name="pytest" errors="0" failures="0" skipped="0" tests="11" time="27.285" timestamp="2026-08-08T10:26:38.083720+00:00" hostname="agent-env-863cc0c7-74e0-4d42-aa05-bd18b54b8be9"><testcase classname="tests.test_deploy_fix.TestDeployFix" name="test_01_health_no_api_prefix_backend" time="0.004" /><testcase classname="tests.test_deploy_fix.TestDeployFix" name="test_02_api_health_backend" time="0.002" /><testcase classname="tests.test_deploy_fix.TestDeployFix" name="test_03_api_health_public" time="0.196" /><testcase classname="tests.test_deploy_fix.TestDeployFix" name="test_04_api_root_public" time="0.157" /><testcase classname="tests.test_deploy_fix.TestDeployFix" name="test_05_health_no_auth_required" time="0.003" /><testcase classname="tests.test_deploy_fix.TestDeployFix" name="test_06_scan_end_to_end" time="12.902" /><testcase classname="tests.test_deploy_fix.TestDeployFix" name="test_07_sessions_batched_shape" time="0.044" /><testcase classname="tests.test_deploy_fix.TestDeployFix" name="test_08_timeline_batched_shape" time="0.043" /><testcase classname="tests.test_deploy_fix.TestDeployFix" name="test_09_files_download" time="0.229" /><testcase classname="tests.test_deploy_fix.TestDeployFix" name="test_10_files_requires_auth" time="0.199" /><testcase classname="tests.test_deploy_fix.TestDeployFix" name="test_11_health_fast_during_scan" time="12.990" /></testsuite></testsuites>